<?xml version="1.0" encoding="UTF-8"?>
<coverage generated="1700941807822" clover="3.2.0">
  <project timestamp="1700941807822" name="All files">
    <metrics statements="20" coveredstatements="20" conditionals="1" coveredconditionals="1" methods="12" coveredmethods="12" elements="33" coveredelements="33" complexity="0" loc="20" ncloc="20" packages="1" files="2" classes="2"/>
    <file name="empreendimento.ts" path="/home/jairo/dev/pessoal/meu-ranking/api/src/models/empreendimento.ts">
      <metrics statements="13" coveredstatements="13" conditionals="1" coveredconditionals="1" methods="7" coveredmethods="7"/>
      <line num="3" count="1" type="stmt"/>
      <line num="6" count="5" type="stmt"/>
      <line num="9" count="2" type="stmt"/>
      <line num="13" count="2" type="stmt"/>
      <line num="17" count="4" type="stmt"/>
      <line num="21" count="2" type="stmt"/>
      <line num="22" count="2" type="stmt"/>
      <line num="26" count="1" type="stmt"/>
      <line num="27" count="1" type="stmt"/>
      <line num="31" count="4" type="cond" truecount="1" falsecount="0"/>
      <line num="32" count="2" type="stmt"/>
      <line num="34" count="4" type="stmt"/>
      <line num="35" count="4" type="stmt"/>
    </file>
    <file name="produto.ts" path="/home/jairo/dev/pessoal/meu-ranking/api/src/models/produto.ts">
      <metrics statements="7" coveredstatements="7" conditionals="0" coveredconditionals="0" methods="5" coveredmethods="5"/>
      <line num="1" count="2" type="stmt"/>
      <line num="3" count="5" type="stmt"/>
      <line num="6" count="1" type="stmt"/>
      <line num="10" count="1" type="stmt"/>
      <line num="14" count="1" type="stmt"/>
      <line num="18" count="1" type="stmt"/>
      <line num="19" count="1" type="stmt"/>
    </file>
  </project>
</coverage>
